<?xml version="1.0" encoding="UTF-8"?>
<testng-results skipped="0" failed="0" ignored="0" total="1" passed="1">
  <reporter-output>
  </reporter-output>
  <suite name="Default suite" duration-ms="65156" started-at="2019-01-10T06:50:50Z" finished-at="2019-01-10T06:51:55Z">
    <groups>
    </groups>
    <test name="Default test" duration-ms="65156" started-at="2019-01-10T06:50:50Z" finished-at="2019-01-10T06:51:55Z">
      <class name="com.tests.NewTest2">
        <test-method status="PASS" signature="launchChrome()[pri:0, instance:com.tests.NewTest2@5419f379]" name="launchChrome" duration-ms="65101" started-at="2019-01-10T12:20:50Z" finished-at="2019-01-10T12:21:55Z">
          <reporter-output>
          </reporter-output>
        </test-method> <!-- launchChrome -->
      </class> <!-- com.tests.NewTest2 -->
    </test> <!-- Default test -->
  </suite> <!-- Default suite -->
</testng-results>
